0 info it worked if it ends with ok
1 verbose cli [ '/usr/local/Cellar/node/5.7.1/bin/node',
1 verbose cli   '/usr/local/bin/npm',
1 verbose cli   'run',
1 verbose cli   'test' ]
2 info using npm@3.8.1
3 info using node@v5.7.1
4 verbose run-script [ 'pretest', 'test', 'posttest' ]
5 info lifecycle redux-modals@0.1.0~pretest: redux-modals@0.1.0
6 silly lifecycle redux-modals@0.1.0~pretest: no script for pretest, continuing
7 info lifecycle redux-modals@0.1.0~test: redux-modals@0.1.0
8 verbose lifecycle redux-modals@0.1.0~test: unsafe-perm in lifecycle true
9 verbose lifecycle redux-modals@0.1.0~test: PATH: /usr/local/lib/node_modules/npm/bin/node-gyp-bin:/Users/jenterkin/repos/redux-modals/node_modules/.bin:/usr/local/Cellar/node/5.7.1/bin:/usr/bin:/bin:/usr/sbin:/sbin:/usr/local/bin:/Users/jenterkin/bin:/Users/jenterkin/.go/bin
10 verbose lifecycle redux-modals@0.1.0~test: CWD: /Users/jenterkin/repos/redux-modals
11 silly lifecycle redux-modals@0.1.0~test: Args: [ '-c',
11 silly lifecycle   './node_modules/mocha/bin/mocha --compilers js:babel-core/register --recursive' ]
12 silly lifecycle redux-modals@0.1.0~test: Returned: code: 4  signal: null
13 info lifecycle redux-modals@0.1.0~test: Failed to exec test script
14 verbose stack Error: redux-modals@0.1.0 test: `./node_modules/mocha/bin/mocha --compilers js:babel-core/register --recursive`
14 verbose stack Exit status 4
14 verbose stack     at EventEmitter.<anonymous> (/usr/local/lib/node_modules/npm/lib/utils/lifecycle.js:239:16)
14 verbose stack     at emitTwo (events.js:100:13)
14 verbose stack     at EventEmitter.emit (events.js:185:7)
14 verbose stack     at ChildProcess.<anonymous> (/usr/local/lib/node_modules/npm/lib/utils/spawn.js:24:14)
14 verbose stack     at emitTwo (events.js:100:13)
14 verbose stack     at ChildProcess.emit (events.js:185:7)
14 verbose stack     at maybeClose (internal/child_process.js:827:16)
14 verbose stack     at Process.ChildProcess._handle.onexit (internal/child_process.js:211:5)
15 verbose pkgid redux-modals@0.1.0
16 verbose cwd /Users/jenterkin/repos/redux-modals/src
17 error Darwin 14.5.0
18 error argv "/usr/local/Cellar/node/5.7.1/bin/node" "/usr/local/bin/npm" "run" "test"
19 error node v5.7.1
20 error npm  v3.8.1
21 error code ELIFECYCLE
22 error redux-modals@0.1.0 test: `./node_modules/mocha/bin/mocha --compilers js:babel-core/register --recursive`
22 error Exit status 4
23 error Failed at the redux-modals@0.1.0 test script './node_modules/mocha/bin/mocha --compilers js:babel-core/register --recursive'.
23 error Make sure you have the latest version of node.js and npm installed.
23 error If you do, this is most likely a problem with the redux-modals package,
23 error not with npm itself.
23 error Tell the author that this fails on your system:
23 error     ./node_modules/mocha/bin/mocha --compilers js:babel-core/register --recursive
23 error You can get information on how to open an issue for this project with:
23 error     npm bugs redux-modals
23 error Or if that isn't available, you can get their info via:
23 error     npm owner ls redux-modals
23 error There is likely additional logging output above.
24 verbose exit [ 1, true ]
